<?xml version="1.0" encoding="UTF-8"?>
<!-- Generated by org.testng.reporters.JUnitReportReporter -->
<testsuite skipped="0" hostname="DESKTOP-D1STLU7" name="cts.miniproject.test.VerifywordpressLoginPageFactory" tests="1" failures="0" timestamp="2020-03-26T12:47:57 IST" time="34.460" errors="0">
  <testcase name="checkValidUser" time="34.460" classname="cts.miniproject.test.VerifywordpressLoginPageFactory"/>
  <system-out/>
</testsuite> <!-- cts.miniproject.test.VerifywordpressLoginPageFactory -->
