<?xml version="1.0" encoding="UTF-8"?>
<!-- Generated by org.testng.reporters.JUnitReportReporter -->
<testsuite skipped="0" hostname="DESKTOP-D1STLU7" name="Selenium.Display" tests="8" failures="0" timestamp="2020-03-24T15:20:14 IST" time="0.057" errors="0">
  <testcase name="customer1" time="0.005" classname="Selenium.Display"/>
  <system-out/>
  <testcase name="vendor3" time="0.004" classname="Selenium.Display"/>
  <system-out/>
  <testcase name="vendor1" time="0.006" classname="Selenium.Display"/>
  <system-out/>
  <testcase name="customer3" time="0.004" classname="Selenium.Display"/>
  <system-out/>
  <testcase name="admin2" time="0.008" classname="Selenium.Display"/>
  <system-out/>
  <testcase name="customer2" time="0.006" classname="Selenium.Display"/>
  <system-out/>
  <testcase name="admin1" time="0.023" classname="Selenium.Display"/>
  <system-out/>
  <testcase name="vendor2" time="0.001" classname="Selenium.Display"/>
  <system-out/>
</testsuite> <!-- Selenium.Display -->
