<?xml version="1.0" encoding="UTF-8"?>
<!-- Generated by org.testng.reporters.JUnitReportReporter -->
<testsuite skipped="0" hostname="DESKTOP-D1STLU7" name="cts.miniproject.test.VerifywordpressLogin" tests="1" failures="0" timestamp="2020-03-26T11:23:12 IST" time="30.916" errors="0">
  <testcase name="verifyValidLogin" time="30.916" classname="cts.miniproject.test.VerifywordpressLogin"/>
  <system-out/>
</testsuite> <!-- cts.miniproject.test.VerifywordpressLogin -->
