<?xml version="1.0" encoding="UTF-8"?>
<!-- Generated by org.testng.reporters.JUnitReportReporter -->
<testsuite skipped="0" hostname="DESKTOP-D1STLU7" name="cts.miniproject.test.ValidAndInvalidLogin" tests="2" failures="0" timestamp="2020-03-26T11:02:43 IST" time="48.643" errors="0">
  <testcase name="validlogin" time="21.737" classname="cts.miniproject.test.ValidAndInvalidLogin"/>
  <system-out/>
  <testcase name="Invalidlogin" time="26.906" classname="cts.miniproject.test.ValidAndInvalidLogin"/>
  <system-out/>
</testsuite> <!-- cts.miniproject.test.ValidAndInvalidLogin -->
