<?xml version="1.0" encoding="UTF-8"?>
<!-- Generated by org.testng.reporters.JUnitReportReporter -->
<testsuite skipped="0" hostname="DESKTOP-D1STLU7" name="Selenium.Parallel2" tests="3" failures="0" timestamp="2020-03-24T16:55:25 IST" time="0.066" errors="0">
  <testcase name="testcase4" time="0.030" classname="Selenium.Parallel2"/>
  <system-out/>
  <testcase name="testcase5" time="0.031" classname="Selenium.Parallel2"/>
  <system-out/>
  <testcase name="testcase6" time="0.005" classname="Selenium.Parallel2"/>
  <system-out/>
</testsuite> <!-- Selenium.Parallel2 -->
