<?xml version="1.0" encoding="UTF-8"?>
<!-- Generated by org.testng.reporters.JUnitReportReporter -->
<testsuite skipped="0" hostname="DESKTOP-D1STLU7" name="cts.miniproject.test.TestSeleniumInChrome" tests="1" failures="0" timestamp="2020-03-26T09:05:28 IST" time="43.241" errors="0">
  <testcase name="testchrome" time="43.241" classname="cts.miniproject.test.TestSeleniumInChrome"/>
  <system-out/>
</testsuite> <!-- cts.miniproject.test.TestSeleniumInChrome -->
