<?xml version="1.0" encoding="UTF-8"?>
<!-- Generated by org.testng.reporters.JUnitReportReporter -->
<testsuite skipped="0" hostname="DESKTOP-D1STLU7" name="Selenium.Parallel1" tests="3" failures="0" timestamp="2020-03-24T16:55:25 IST" time="0.090" errors="0">
  <testcase name="testcase2" time="0.030" classname="Selenium.Parallel1"/>
  <system-out/>
  <testcase name="testcase1" time="0.030" classname="Selenium.Parallel1"/>
  <system-out/>
  <testcase name="testcase3" time="0.030" classname="Selenium.Parallel1"/>
  <system-out/>
</testsuite> <!-- Selenium.Parallel1 -->
