<?xml version="1.0" encoding="UTF-8"?>
<!-- Generated by org.testng.reporters.JUnitReportReporter -->
<testsuite skipped="0" hostname="DESKTOP-D1STLU7" name="cts.miniproject.test.DdWordpressLogin" tests="3" failures="0" timestamp="2020-03-27T18:04:56 IST" time="47.937" errors="0">
  <testcase name="loginToWordpress" time="20.998" classname="cts.miniproject.test.DdWordpressLogin"/>
  <system-out/>
  <testcase name="loginToWordpress" time="13.504" classname="cts.miniproject.test.DdWordpressLogin"/>
  <system-out/>
  <testcase name="loginToWordpress" time="13.435" classname="cts.miniproject.test.DdWordpressLogin"/>
  <system-out/>
</testsuite> <!-- cts.miniproject.test.DdWordpressLogin -->
