<?xml version="1.0" encoding="UTF-8"?>
<!-- Generated by org.testng.reporters.JUnitReportReporter -->
<testsuite skipped="0" hostname="DESKTOP-D1STLU7" name="practice.ExtentReportDemo" tests="1" failures="0" timestamp="2020-03-28T10:17:30 IST" time="1.317" errors="0">
  <testcase name="loginTest" time="1.317" classname="practice.ExtentReportDemo"/>
  <system-out/>
</testsuite> <!-- practice.ExtentReportDemo -->
